<?xml version="1.0" encoding="UTF-8"?>
<!-- Generated by org.testng.reporters.JUnitReportReporter -->
<testsuite hostname="Reems-MacBook-Pro.local" failures="0" tests="2" name="makemytrip_pk.MultiRoundTest" time="8.913" errors="0" timestamp="2021-02-06T00:08:10 GMT-08:00" skipped="0">
  <testcase classname="makemytrip_pk.MultiRoundTest" name="multiRound" time="4.151"/>
  <system-out/>
  <testcase classname="makemytrip_pk.MultiRoundTest" name="multiRound" time="4.762"/>
  <system-out/>
</testsuite> <!-- makemytrip_pk.MultiRoundTest -->
