<?xml version="1.0" encoding="UTF-8"?>
<!-- Generated by org.testng.reporters.JUnitReportReporter -->
<testsuite hostname="Reems-MacBook-Pro.local" failures="0" tests="1" name="makemytrip_pk.SearchResultsTest" time="90.148" errors="0" timestamp="2021-02-06T00:08:10 GMT-08:00" skipped="0">
  <testcase classname="makemytrip_pk.SearchResultsTest" name="getSearchResults" time="90.148"/>
  <system-out/>
</testsuite> <!-- makemytrip_pk.SearchResultsTest -->
